[0.096s] Invoking command in '/home/vaibhav/ode_ws/build/our_bot': CMAKE_PREFIX_PATH=${CMAKE_PREFIX_PATH}:/opt/ros/jazzy DEBUGINFOD_URLS=https://debuginfod.ubuntu.com /usr/bin/cmake --build /home/vaibhav/ode_ws/build/our_bot -- -j6 -l6
[0.688s] Invoked command in '/home/vaibhav/ode_ws/build/our_bot' returned '0': CMAKE_PREFIX_PATH=${CMAKE_PREFIX_PATH}:/opt/ros/jazzy DEBUGINFOD_URLS=https://debuginfod.ubuntu.com /usr/bin/cmake --build /home/vaibhav/ode_ws/build/our_bot -- -j6 -l6
[0.814s] Invoking command in '/home/vaibhav/ode_ws/build/our_bot': CMAKE_PREFIX_PATH=${CMAKE_PREFIX_PATH}:/opt/ros/jazzy DEBUGINFOD_URLS=https://debuginfod.ubuntu.com /usr/bin/cmake --install /home/vaibhav/ode_ws/build/our_bot
[0.926s] -- Install configuration: ""
[0.929s] -- Execute custom install script
[0.930s] -- Up-to-date symlink: /home/vaibhav/ode_ws/install/our_bot/share/our_bot/config/empty.yaml
[0.931s] -- Up-to-date symlink: /home/vaibhav/ode_ws/install/our_bot/share/our_bot/config/view_bot.rviz
[0.931s] -- Up-to-date symlink: /home/vaibhav/ode_ws/install/our_bot/share/our_bot/description/gazebo_control.xacro
[0.932s] -- Up-to-date symlink: /home/vaibhav/ode_ws/install/our_bot/share/our_bot/description/inertial_macros.xacro
[0.933s] -- Up-to-date symlink: /home/vaibhav/ode_ws/install/our_bot/share/our_bot/description/lidar.xacro
[0.934s] -- Up-to-date symlink: /home/vaibhav/ode_ws/install/our_bot/share/our_bot/description/robot.urdf.xacro
[0.935s] -- Up-to-date symlink: /home/vaibhav/ode_ws/install/our_bot/share/our_bot/description/robot_core.xacro
[0.935s] -- Up-to-date symlink: /home/vaibhav/ode_ws/install/our_bot/share/our_bot/launch/launch_sim.launch.py
[0.935s] -- Up-to-date symlink: /home/vaibhav/ode_ws/install/our_bot/share/our_bot/launch/rsp.launch.py
[0.937s] -- Up-to-date symlink: /home/vaibhav/ode_ws/install/our_bot/share/our_bot/worlds/empty.world
[0.937s] -- Up-to-date symlink: /home/vaibhav/ode_ws/install/our_bot/share/ament_index/resource_index/package_run_dependencies/our_bot
[0.938s] -- Up-to-date symlink: /home/vaibhav/ode_ws/install/our_bot/share/ament_index/resource_index/parent_prefix_path/our_bot
[0.938s] -- Up-to-date symlink: /home/vaibhav/ode_ws/install/our_bot/share/our_bot/environment/ament_prefix_path.sh
[0.940s] -- Up-to-date symlink: /home/vaibhav/ode_ws/install/our_bot/share/our_bot/environment/ament_prefix_path.dsv
[0.941s] -- Up-to-date symlink: /home/vaibhav/ode_ws/install/our_bot/share/our_bot/environment/path.sh
[0.942s] -- Up-to-date symlink: /home/vaibhav/ode_ws/install/our_bot/share/our_bot/environment/path.dsv
[0.948s] -- Up-to-date symlink: /home/vaibhav/ode_ws/install/our_bot/share/our_bot/local_setup.bash
[0.948s] -- Up-to-date symlink: /home/vaibhav/ode_ws/install/our_bot/share/our_bot/local_setup.sh
[0.948s] -- Up-to-date symlink: /home/vaibhav/ode_ws/install/our_bot/share/our_bot/local_setup.zsh
[0.948s] -- Up-to-date symlink: /home/vaibhav/ode_ws/install/our_bot/share/our_bot/local_setup.dsv
[0.948s] -- Symlinking: /home/vaibhav/ode_ws/install/our_bot/share/our_bot/package.dsv
[1.144s] -- Up-to-date symlink: /home/vaibhav/ode_ws/install/our_bot/share/ament_index/resource_index/packages/our_bot
[1.147s] -- Up-to-date symlink: /home/vaibhav/ode_ws/install/our_bot/share/our_bot/cmake/our_botConfig.cmake
[1.168s] -- Up-to-date symlink: /home/vaibhav/ode_ws/install/our_bot/share/our_bot/cmake/our_botConfig-version.cmake
[1.171s] -- Up-to-date symlink: /home/vaibhav/ode_ws/install/our_bot/share/our_bot/package.xml
[1.228s] Invoked command in '/home/vaibhav/ode_ws/build/our_bot' returned '0': CMAKE_PREFIX_PATH=${CMAKE_PREFIX_PATH}:/opt/ros/jazzy DEBUGINFOD_URLS=https://debuginfod.ubuntu.com /usr/bin/cmake --install /home/vaibhav/ode_ws/build/our_bot
