[1.552s] DEBUG:colcon:Command line arguments: ['/usr/bin/colcon', 'build', '--symlink-install']
[1.553s] DEBUG:colcon:Parsed command line arguments: Namespace(log_base=None, log_level=None, verb_name='build', build_base='build', install_base='install', merge_install=False, symlink_install=True, test_result_base=None, continue_on_error=False, executor='parallel', parallel_workers=6, event_handlers=None, ignore_user_meta=False, metas=['./colcon.meta'], base_paths=['.'], packages_ignore=None, packages_ignore_regex=None, paths=None, packages_up_to=None, packages_up_to_regex=None, packages_above=None, packages_above_and_dependencies=None, packages_above_depth=None, packages_select_by_dep=None, packages_skip_by_dep=None, packages_skip_up_to=None, packages_select_build_failed=False, packages_skip_build_finished=False, packages_select_test_failures=False, packages_skip_test_passed=False, packages_select=None, packages_skip=None, packages_select_regex=None, packages_skip_regex=None, packages_start=None, packages_end=None, allow_overriding=[], cmake_args=None, cmake_target=None, cmake_target_skip_unavailable=False, cmake_clean_cache=False, cmake_clean_first=False, cmake_force_configure=False, ament_cmake_args=None, catkin_cmake_args=None, catkin_skip_building_tests=False, mixin_files=None, mixin=None, verb_parser=<colcon_mixin.mixin.mixin_argument.MixinArgumentDecorator object at 0x7af8bc0983e0>, verb_extension=<colcon_core.verb.build.BuildVerb object at 0x7af8bc098110>, main=<bound method BuildVerb.main of <colcon_core.verb.build.BuildVerb object at 0x7af8bc098110>>, mixin_verb=('build',))
[1.885s] Level 1:colcon.colcon_core.package_discovery:discover_packages(colcon_meta) check parameters
[1.885s] Level 1:colcon.colcon_core.package_discovery:discover_packages(recursive) check parameters
[1.885s] Level 1:colcon.colcon_core.package_discovery:discover_packages(ignore) check parameters
[1.885s] Level 1:colcon.colcon_core.package_discovery:discover_packages(path) check parameters
[1.886s] Level 1:colcon.colcon_core.package_discovery:discover_packages(colcon_meta) discover
[1.886s] Level 1:colcon.colcon_core.package_discovery:discover_packages(recursive) discover
[1.886s] INFO:colcon.colcon_core.package_discovery:Crawling recursively for packages in '/home/vaibhav/ode_ws'
[1.886s] Level 1:colcon.colcon_core.package_identification:_identify(.) by extensions ['ignore', 'ignore_ament_install']
[1.886s] Level 1:colcon.colcon_core.package_identification:_identify(.) by extension 'ignore'
[1.886s] Level 1:colcon.colcon_core.package_identification:_identify(.) by extension 'ignore_ament_install'
[1.886s] Level 1:colcon.colcon_core.package_identification:_identify(.) by extensions ['colcon_pkg']
[1.886s] Level 1:colcon.colcon_core.package_identification:_identify(.) by extension 'colcon_pkg'
[1.886s] Level 1:colcon.colcon_core.package_identification:_identify(.) by extensions ['colcon_meta']
[1.886s] Level 1:colcon.colcon_core.package_identification:_identify(.) by extension 'colcon_meta'
[1.887s] Level 1:colcon.colcon_core.package_identification:_identify(.) by extensions ['ros']
[1.887s] Level 1:colcon.colcon_core.package_identification:_identify(.) by extension 'ros'
[1.954s] Level 1:colcon.colcon_core.package_identification:_identify(.) by extensions ['cmake', 'python']
[1.955s] Level 1:colcon.colcon_core.package_identification:_identify(.) by extension 'cmake'
[1.955s] Level 1:colcon.colcon_core.package_identification:_identify(.) by extension 'python'
[1.955s] Level 1:colcon.colcon_core.package_identification:_identify(.) by extensions ['python_setup_py']
[1.955s] Level 1:colcon.colcon_core.package_identification:_identify(.) by extension 'python_setup_py'
[1.955s] Level 1:colcon.colcon_core.package_identification:_identify(build) by extensions ['ignore', 'ignore_ament_install']
[1.955s] Level 1:colcon.colcon_core.package_identification:_identify(build) by extension 'ignore'
[1.955s] Level 1:colcon.colcon_core.package_identification:_identify(build) ignored
[1.955s] Level 1:colcon.colcon_core.package_identification:_identify(install) by extensions ['ignore', 'ignore_ament_install']
[1.955s] Level 1:colcon.colcon_core.package_identification:_identify(install) by extension 'ignore'
[1.955s] Level 1:colcon.colcon_core.package_identification:_identify(install) ignored
[1.956s] Level 1:colcon.colcon_core.package_identification:_identify(log) by extensions ['ignore', 'ignore_ament_install']
[1.956s] Level 1:colcon.colcon_core.package_identification:_identify(log) by extension 'ignore'
[1.956s] Level 1:colcon.colcon_core.package_identification:_identify(log) ignored
[1.961s] Level 1:colcon.colcon_core.package_identification:_identify(src) by extensions ['ignore', 'ignore_ament_install']
[1.961s] Level 1:colcon.colcon_core.package_identification:_identify(src) by extension 'ignore'
[1.961s] Level 1:colcon.colcon_core.package_identification:_identify(src) by extension 'ignore_ament_install'
[1.961s] Level 1:colcon.colcon_core.package_identification:_identify(src) by extensions ['colcon_pkg']
[1.962s] Level 1:colcon.colcon_core.package_identification:_identify(src) by extension 'colcon_pkg'
[1.962s] Level 1:colcon.colcon_core.package_identification:_identify(src) by extensions ['colcon_meta']
[1.962s] Level 1:colcon.colcon_core.package_identification:_identify(src) by extension 'colcon_meta'
[1.962s] Level 1:colcon.colcon_core.package_identification:_identify(src) by extensions ['ros']
[1.962s] Level 1:colcon.colcon_core.package_identification:_identify(src) by extension 'ros'
[1.962s] Level 1:colcon.colcon_core.package_identification:_identify(src) by extensions ['cmake', 'python']
[1.962s] Level 1:colcon.colcon_core.package_identification:_identify(src) by extension 'cmake'
[1.962s] Level 1:colcon.colcon_core.package_identification:_identify(src) by extension 'python'
[1.962s] Level 1:colcon.colcon_core.package_identification:_identify(src) by extensions ['python_setup_py']
[1.962s] Level 1:colcon.colcon_core.package_identification:_identify(src) by extension 'python_setup_py'
[1.966s] Level 1:colcon.colcon_core.package_identification:_identify(src/our_bot) by extensions ['ignore', 'ignore_ament_install']
[1.966s] Level 1:colcon.colcon_core.package_identification:_identify(src/our_bot) by extension 'ignore'
[1.966s] Level 1:colcon.colcon_core.package_identification:_identify(src/our_bot) by extension 'ignore_ament_install'
[1.967s] Level 1:colcon.colcon_core.package_identification:_identify(src/our_bot) by extensions ['colcon_pkg']
[1.967s] Level 1:colcon.colcon_core.package_identification:_identify(src/our_bot) by extension 'colcon_pkg'
[1.967s] Level 1:colcon.colcon_core.package_identification:_identify(src/our_bot) by extensions ['colcon_meta']
[1.967s] Level 1:colcon.colcon_core.package_identification:_identify(src/our_bot) by extension 'colcon_meta'
[1.967s] Level 1:colcon.colcon_core.package_identification:_identify(src/our_bot) by extensions ['ros']
[1.967s] Level 1:colcon.colcon_core.package_identification:_identify(src/our_bot) by extension 'ros'
[1.980s] DEBUG:colcon.colcon_core.package_identification:Package 'src/our_bot' with type 'ros.ament_cmake' and name 'our_bot'
[1.981s] Level 1:colcon.colcon_core.package_discovery:discover_packages(recursive) using defaults
[1.981s] Level 1:colcon.colcon_core.package_discovery:discover_packages(ignore) discover
[1.981s] Level 1:colcon.colcon_core.package_discovery:discover_packages(ignore) using defaults
[1.981s] Level 1:colcon.colcon_core.package_discovery:discover_packages(path) discover
[1.981s] Level 1:colcon.colcon_core.package_discovery:discover_packages(path) using defaults
[2.070s] Level 1:colcon.colcon_core.package_discovery:discover_packages(prefix_path) check parameters
[2.070s] Level 1:colcon.colcon_core.package_discovery:discover_packages(prefix_path) discover
[2.087s] DEBUG:colcon.colcon_installed_package_information.package_discovery:Found 373 installed packages in /opt/ros/jazzy
[2.090s] Level 1:colcon.colcon_core.package_discovery:discover_packages(prefix_path) using defaults
[2.188s] Level 5:colcon.colcon_core.verb:set package 'our_bot' build argument 'cmake_args' from command line to 'None'
[2.188s] Level 5:colcon.colcon_core.verb:set package 'our_bot' build argument 'cmake_target' from command line to 'None'
[2.188s] Level 5:colcon.colcon_core.verb:set package 'our_bot' build argument 'cmake_target_skip_unavailable' from command line to 'False'
[2.188s] Level 5:colcon.colcon_core.verb:set package 'our_bot' build argument 'cmake_clean_cache' from command line to 'False'
[2.188s] Level 5:colcon.colcon_core.verb:set package 'our_bot' build argument 'cmake_clean_first' from command line to 'False'
[2.188s] Level 5:colcon.colcon_core.verb:set package 'our_bot' build argument 'cmake_force_configure' from command line to 'False'
[2.188s] Level 5:colcon.colcon_core.verb:set package 'our_bot' build argument 'ament_cmake_args' from command line to 'None'
[2.188s] Level 5:colcon.colcon_core.verb:set package 'our_bot' build argument 'catkin_cmake_args' from command line to 'None'
[2.188s] Level 5:colcon.colcon_core.verb:set package 'our_bot' build argument 'catkin_skip_building_tests' from command line to 'False'
[2.188s] DEBUG:colcon.colcon_core.verb:Building package 'our_bot' with the following arguments: {'ament_cmake_args': None, 'build_base': '/home/vaibhav/ode_ws/build/our_bot', 'catkin_cmake_args': None, 'catkin_skip_building_tests': False, 'cmake_args': None, 'cmake_clean_cache': False, 'cmake_clean_first': False, 'cmake_force_configure': False, 'cmake_target': None, 'cmake_target_skip_unavailable': False, 'install_base': '/home/vaibhav/ode_ws/install/our_bot', 'merge_install': False, 'path': '/home/vaibhav/ode_ws/src/our_bot', 'symlink_install': True, 'test_result_base': None}
[2.189s] INFO:colcon.colcon_core.executor:Executing jobs using 'parallel' executor
[2.198s] DEBUG:colcon.colcon_parallel_executor.executor.parallel:run_until_complete
[2.199s] INFO:colcon.colcon_ros.task.ament_cmake.build:Building ROS package in '/home/vaibhav/ode_ws/src/our_bot' with build type 'ament_cmake'
[2.199s] INFO:colcon.colcon_cmake.task.cmake.build:Building CMake package in '/home/vaibhav/ode_ws/src/our_bot'
[2.269s] INFO:colcon.colcon_core.plugin_system:Skipping extension 'colcon_core.shell.bat': Not used on non-Windows systems
[2.269s] INFO:colcon.colcon_core.shell:Skip shell extension 'powershell' for command environment: Not usable outside of PowerShell
[2.269s] DEBUG:colcon.colcon_core.shell:Skip shell extension 'dsv' for command environment
[2.329s] DEBUG:colcon.colcon_core.event_handler.log_command:Invoking command in '/home/vaibhav/ode_ws/build/our_bot': CMAKE_PREFIX_PATH=${CMAKE_PREFIX_PATH}:/opt/ros/jazzy DEBUGINFOD_URLS=https://debuginfod.ubuntu.com /usr/bin/cmake --build /home/vaibhav/ode_ws/build/our_bot -- -j6 -l6
[2.763s] DEBUG:colcon.colcon_core.event_handler.log_command:Invoked command in '/home/vaibhav/ode_ws/build/our_bot' returned '0': CMAKE_PREFIX_PATH=${CMAKE_PREFIX_PATH}:/opt/ros/jazzy DEBUGINFOD_URLS=https://debuginfod.ubuntu.com /usr/bin/cmake --build /home/vaibhav/ode_ws/build/our_bot -- -j6 -l6
[2.804s] DEBUG:colcon.colcon_core.event_handler.log_command:Invoking command in '/home/vaibhav/ode_ws/build/our_bot': CMAKE_PREFIX_PATH=${CMAKE_PREFIX_PATH}:/opt/ros/jazzy DEBUGINFOD_URLS=https://debuginfod.ubuntu.com /usr/bin/cmake --install /home/vaibhav/ode_ws/build/our_bot
[2.961s] Level 1:colcon.colcon_core.environment:create_environment_scripts_only(our_bot)
[2.962s] DEBUG:colcon.colcon_core.event_handler.log_command:Invoked command in '/home/vaibhav/ode_ws/build/our_bot' returned '0': CMAKE_PREFIX_PATH=${CMAKE_PREFIX_PATH}:/opt/ros/jazzy DEBUGINFOD_URLS=https://debuginfod.ubuntu.com /usr/bin/cmake --install /home/vaibhav/ode_ws/build/our_bot
[2.993s] Level 1:colcon.colcon_core.environment:checking '/home/vaibhav/ode_ws/install/our_bot' for CMake module files
[2.994s] Level 1:colcon.colcon_core.environment:checking '/home/vaibhav/ode_ws/install/our_bot' for CMake config files
[2.995s] Level 1:colcon.colcon_core.shell:create_environment_hook('our_bot', 'cmake_prefix_path')
[2.995s] INFO:colcon.colcon_core.shell:Creating environment hook '/home/vaibhav/ode_ws/install/our_bot/share/our_bot/hook/cmake_prefix_path.ps1'
[3.000s] INFO:colcon.colcon_core.shell:Creating environment descriptor '/home/vaibhav/ode_ws/install/our_bot/share/our_bot/hook/cmake_prefix_path.dsv'
[3.002s] INFO:colcon.colcon_core.shell:Creating environment hook '/home/vaibhav/ode_ws/install/our_bot/share/our_bot/hook/cmake_prefix_path.sh'
[3.005s] Level 1:colcon.colcon_core.environment:checking '/home/vaibhav/ode_ws/install/our_bot/bin'
[3.005s] Level 1:colcon.colcon_core.environment:checking '/home/vaibhav/ode_ws/install/our_bot/lib/pkgconfig/our_bot.pc'
[3.005s] Level 1:colcon.colcon_core.environment:checking '/home/vaibhav/ode_ws/install/our_bot/lib/python3.12/site-packages'
[3.006s] Level 1:colcon.colcon_core.environment:checking '/home/vaibhav/ode_ws/install/our_bot/bin'
[3.006s] INFO:colcon.colcon_core.shell:Creating package script '/home/vaibhav/ode_ws/install/our_bot/share/our_bot/package.ps1'
[3.009s] INFO:colcon.colcon_core.shell:Creating package descriptor '/home/vaibhav/ode_ws/install/our_bot/share/our_bot/package.dsv'
[3.011s] INFO:colcon.colcon_core.shell:Creating package script '/home/vaibhav/ode_ws/install/our_bot/share/our_bot/package.sh'
[3.014s] INFO:colcon.colcon_core.shell:Creating package script '/home/vaibhav/ode_ws/install/our_bot/share/our_bot/package.bash'
[3.020s] INFO:colcon.colcon_core.shell:Creating package script '/home/vaibhav/ode_ws/install/our_bot/share/our_bot/package.zsh'
[3.024s] Level 1:colcon.colcon_core.environment:create_file_with_runtime_dependencies(/home/vaibhav/ode_ws/install/our_bot/share/colcon-core/packages/our_bot)
[3.033s] Level 1:colcon.colcon_core.environment:create_environment_scripts_only(our_bot)
[3.035s] Level 1:colcon.colcon_core.environment:checking '/home/vaibhav/ode_ws/install/our_bot' for CMake module files
[3.037s] Level 1:colcon.colcon_core.environment:checking '/home/vaibhav/ode_ws/install/our_bot' for CMake config files
[3.038s] Level 1:colcon.colcon_core.shell:create_environment_hook('our_bot', 'cmake_prefix_path')
[3.038s] INFO:colcon.colcon_core.shell:Creating environment hook '/home/vaibhav/ode_ws/install/our_bot/share/our_bot/hook/cmake_prefix_path.ps1'
[3.041s] INFO:colcon.colcon_core.shell:Creating environment descriptor '/home/vaibhav/ode_ws/install/our_bot/share/our_bot/hook/cmake_prefix_path.dsv'
[3.045s] INFO:colcon.colcon_core.shell:Creating environment hook '/home/vaibhav/ode_ws/install/our_bot/share/our_bot/hook/cmake_prefix_path.sh'
[3.048s] Level 1:colcon.colcon_core.environment:checking '/home/vaibhav/ode_ws/install/our_bot/bin'
[3.048s] Level 1:colcon.colcon_core.environment:checking '/home/vaibhav/ode_ws/install/our_bot/lib/pkgconfig/our_bot.pc'
[3.048s] Level 1:colcon.colcon_core.environment:checking '/home/vaibhav/ode_ws/install/our_bot/lib/python3.12/site-packages'
[3.049s] Level 1:colcon.colcon_core.environment:checking '/home/vaibhav/ode_ws/install/our_bot/bin'
[3.050s] INFO:colcon.colcon_core.shell:Creating package script '/home/vaibhav/ode_ws/install/our_bot/share/our_bot/package.ps1'
[3.051s] INFO:colcon.colcon_core.shell:Creating package descriptor '/home/vaibhav/ode_ws/install/our_bot/share/our_bot/package.dsv'
[3.055s] INFO:colcon.colcon_core.shell:Creating package script '/home/vaibhav/ode_ws/install/our_bot/share/our_bot/package.sh'
[3.056s] INFO:colcon.colcon_core.shell:Creating package script '/home/vaibhav/ode_ws/install/our_bot/share/our_bot/package.bash'
[3.056s] INFO:colcon.colcon_core.shell:Creating package script '/home/vaibhav/ode_ws/install/our_bot/share/our_bot/package.zsh'
[3.057s] Level 1:colcon.colcon_core.environment:create_file_with_runtime_dependencies(/home/vaibhav/ode_ws/install/our_bot/share/colcon-core/packages/our_bot)
[3.059s] DEBUG:colcon.colcon_parallel_executor.executor.parallel:closing loop
[3.060s] DEBUG:colcon.colcon_parallel_executor.executor.parallel:loop closed
[3.060s] DEBUG:colcon.colcon_parallel_executor.executor.parallel:run_until_complete finished with '0'
[3.060s] DEBUG:colcon.colcon_core.event_reactor:joining thread
[3.094s] INFO:colcon.colcon_core.plugin_system:Skipping extension 'colcon_notification.desktop_notification.terminal_notifier': Not used on non-Darwin systems
[3.094s] INFO:colcon.colcon_core.plugin_system:Skipping extension 'colcon_notification.desktop_notification.win32': Not used on non-Windows systems
[3.094s] INFO:colcon.colcon_notification.desktop_notification:Sending desktop notification using 'notify2'
[3.172s] DEBUG:colcon.colcon_core.event_reactor:joined thread
[3.173s] INFO:colcon.colcon_core.shell:Creating prefix script '/home/vaibhav/ode_ws/install/local_setup.ps1'
[3.177s] INFO:colcon.colcon_core.shell:Creating prefix util module '/home/vaibhav/ode_ws/install/_local_setup_util_ps1.py'
[3.182s] INFO:colcon.colcon_core.shell:Creating prefix chain script '/home/vaibhav/ode_ws/install/setup.ps1'
[3.187s] INFO:colcon.colcon_core.shell:Creating prefix script '/home/vaibhav/ode_ws/install/local_setup.sh'
[3.195s] INFO:colcon.colcon_core.shell:Creating prefix util module '/home/vaibhav/ode_ws/install/_local_setup_util_sh.py'
[3.197s] INFO:colcon.colcon_core.shell:Creating prefix chain script '/home/vaibhav/ode_ws/install/setup.sh'
[3.203s] INFO:colcon.colcon_core.shell:Creating prefix script '/home/vaibhav/ode_ws/install/local_setup.bash'
[3.207s] INFO:colcon.colcon_core.shell:Creating prefix chain script '/home/vaibhav/ode_ws/install/setup.bash'
[3.214s] INFO:colcon.colcon_core.shell:Creating prefix script '/home/vaibhav/ode_ws/install/local_setup.zsh'
[3.224s] INFO:colcon.colcon_core.shell:Creating prefix chain script '/home/vaibhav/ode_ws/install/setup.zsh'
