[0.073s] Invoking command in '/home/vaibhav/ode_ws/build/our_bot': CMAKE_PREFIX_PATH=${CMAKE_PREFIX_PATH}:/opt/ros/jazzy DEBUGINFOD_URLS=https://debuginfod.ubuntu.com /usr/bin/cmake --build /home/vaibhav/ode_ws/build/our_bot -- -j6 -l6
[0.274s] Invoked command in '/home/vaibhav/ode_ws/build/our_bot' returned '0': CMAKE_PREFIX_PATH=${CMAKE_PREFIX_PATH}:/opt/ros/jazzy DEBUGINFOD_URLS=https://debuginfod.ubuntu.com /usr/bin/cmake --build /home/vaibhav/ode_ws/build/our_bot -- -j6 -l6
[0.326s] Invoking command in '/home/vaibhav/ode_ws/build/our_bot': CMAKE_PREFIX_PATH=${CMAKE_PREFIX_PATH}:/opt/ros/jazzy DEBUGINFOD_URLS=https://debuginfod.ubuntu.com /usr/bin/cmake --install /home/vaibhav/ode_ws/build/our_bot
[0.371s] -- Install configuration: ""
[0.372s] -- Execute custom install script
[0.374s] -- Up-to-date symlink: /home/vaibhav/ode_ws/install/our_bot/share/our_bot/config/empty.yaml
[0.374s] -- Up-to-date symlink: /home/vaibhav/ode_ws/install/our_bot/share/our_bot/config/view_bot.rviz
[0.375s] -- Up-to-date symlink: /home/vaibhav/ode_ws/install/our_bot/share/our_bot/description/gazebo_control.xacro
[0.376s] -- Up-to-date symlink: /home/vaibhav/ode_ws/install/our_bot/share/our_bot/description/inertial_macros.xacro
[0.379s] -- Up-to-date symlink: /home/vaibhav/ode_ws/install/our_bot/share/our_bot/description/robot.urdf.xacro
[0.379s] -- Up-to-date symlink: /home/vaibhav/ode_ws/install/our_bot/share/our_bot/description/robot_core.xacro
[0.379s] -- Up-to-date symlink: /home/vaibhav/ode_ws/install/our_bot/share/our_bot/launch/launch_sim.launch.py
[0.382s] -- Up-to-date symlink: /home/vaibhav/ode_ws/install/our_bot/share/our_bot/launch/rsp.launch.py
[0.384s] -- Up-to-date symlink: /home/vaibhav/ode_ws/install/our_bot/share/our_bot/worlds/empty.world
[0.384s] -- Up-to-date symlink: /home/vaibhav/ode_ws/install/our_bot/share/ament_index/resource_index/package_run_dependencies/our_bot
[0.385s] -- Up-to-date symlink: /home/vaibhav/ode_ws/install/our_bot/share/ament_index/resource_index/parent_prefix_path/our_bot
[0.387s] -- Up-to-date symlink: /home/vaibhav/ode_ws/install/our_bot/share/our_bot/environment/ament_prefix_path.sh
[0.388s] -- Up-to-date symlink: /home/vaibhav/ode_ws/install/our_bot/share/our_bot/environment/ament_prefix_path.dsv
[0.389s] -- Up-to-date symlink: /home/vaibhav/ode_ws/install/our_bot/share/our_bot/environment/path.sh
[0.389s] -- Up-to-date symlink: /home/vaibhav/ode_ws/install/our_bot/share/our_bot/environment/path.dsv
[0.389s] -- Up-to-date symlink: /home/vaibhav/ode_ws/install/our_bot/share/our_bot/local_setup.bash
[0.389s] -- Up-to-date symlink: /home/vaibhav/ode_ws/install/our_bot/share/our_bot/local_setup.sh
[0.390s] -- Up-to-date symlink: /home/vaibhav/ode_ws/install/our_bot/share/our_bot/local_setup.zsh
[0.391s] -- Up-to-date symlink: /home/vaibhav/ode_ws/install/our_bot/share/our_bot/local_setup.dsv
[0.391s] -- Symlinking: /home/vaibhav/ode_ws/install/our_bot/share/our_bot/package.dsv
[0.438s] -- Up-to-date symlink: /home/vaibhav/ode_ws/install/our_bot/share/ament_index/resource_index/packages/our_bot
[0.438s] -- Up-to-date symlink: /home/vaibhav/ode_ws/install/our_bot/share/our_bot/cmake/our_botConfig.cmake
[0.444s] -- Up-to-date symlink: /home/vaibhav/ode_ws/install/our_bot/share/our_bot/cmake/our_botConfig-version.cmake
[0.445s] -- Up-to-date symlink: /home/vaibhav/ode_ws/install/our_bot/share/our_bot/package.xml
[0.450s] Invoked command in '/home/vaibhav/ode_ws/build/our_bot' returned '0': CMAKE_PREFIX_PATH=${CMAKE_PREFIX_PATH}:/opt/ros/jazzy DEBUGINFOD_URLS=https://debuginfod.ubuntu.com /usr/bin/cmake --install /home/vaibhav/ode_ws/build/our_bot
