[0.113s] Invoking command in '/home/vaibhav/ode_ws/build/our_bot': CMAKE_PREFIX_PATH=${CMAKE_PREFIX_PATH}:/opt/ros/jazzy DEBUGINFOD_URLS=https://debuginfod.ubuntu.com /usr/bin/cmake --build /home/vaibhav/ode_ws/build/our_bot -- -j6 -l6
[0.861s] Invoked command in '/home/vaibhav/ode_ws/build/our_bot' returned '0': CMAKE_PREFIX_PATH=${CMAKE_PREFIX_PATH}:/opt/ros/jazzy DEBUGINFOD_URLS=https://debuginfod.ubuntu.com /usr/bin/cmake --build /home/vaibhav/ode_ws/build/our_bot -- -j6 -l6
[0.953s] Invoking command in '/home/vaibhav/ode_ws/build/our_bot': CMAKE_PREFIX_PATH=${CMAKE_PREFIX_PATH}:/opt/ros/jazzy DEBUGINFOD_URLS=https://debuginfod.ubuntu.com /usr/bin/cmake --install /home/vaibhav/ode_ws/build/our_bot
[1.023s] -- Install configuration: ""
[1.031s] -- Execute custom install script
[1.060s] -- Up-to-date symlink: /home/vaibhav/ode_ws/install/our_bot/share/our_bot/config/empty.yaml
[1.060s] -- Up-to-date symlink: /home/vaibhav/ode_ws/install/our_bot/share/our_bot/config/view_bot.rviz
[1.072s] -- Up-to-date symlink: /home/vaibhav/ode_ws/install/our_bot/share/our_bot/description/gazebo_control.xacro
[1.078s] -- Up-to-date symlink: /home/vaibhav/ode_ws/install/our_bot/share/our_bot/description/inertial_macros.xacro
[1.078s] -- Up-to-date symlink: /home/vaibhav/ode_ws/install/our_bot/share/our_bot/description/robot.urdf.xacro
[1.082s] -- Up-to-date symlink: /home/vaibhav/ode_ws/install/our_bot/share/our_bot/description/robot_core.xacro
[1.089s] -- Up-to-date symlink: /home/vaibhav/ode_ws/install/our_bot/share/our_bot/launch/launch_sim.launch.py
[1.091s] -- Up-to-date symlink: /home/vaibhav/ode_ws/install/our_bot/share/our_bot/launch/rsp.launch.py
[1.097s] -- Up-to-date symlink: /home/vaibhav/ode_ws/install/our_bot/share/our_bot/worlds/empty.world
[1.109s] -- Up-to-date symlink: /home/vaibhav/ode_ws/install/our_bot/share/ament_index/resource_index/package_run_dependencies/our_bot
[1.121s] -- Up-to-date symlink: /home/vaibhav/ode_ws/install/our_bot/share/ament_index/resource_index/parent_prefix_path/our_bot
[1.126s] -- Up-to-date symlink: /home/vaibhav/ode_ws/install/our_bot/share/our_bot/environment/ament_prefix_path.sh
[1.127s] -- Up-to-date symlink: /home/vaibhav/ode_ws/install/our_bot/share/our_bot/environment/ament_prefix_path.dsv
[1.129s] -- Up-to-date symlink: /home/vaibhav/ode_ws/install/our_bot/share/our_bot/environment/path.sh
[1.135s] -- Up-to-date symlink: /home/vaibhav/ode_ws/install/our_bot/share/our_bot/environment/path.dsv
[1.139s] -- Up-to-date symlink: /home/vaibhav/ode_ws/install/our_bot/share/our_bot/local_setup.bash
[1.145s] -- Up-to-date symlink: /home/vaibhav/ode_ws/install/our_bot/share/our_bot/local_setup.sh
[1.150s] -- Up-to-date symlink: /home/vaibhav/ode_ws/install/our_bot/share/our_bot/local_setup.zsh
[1.155s] -- Up-to-date symlink: /home/vaibhav/ode_ws/install/our_bot/share/our_bot/local_setup.dsv
[1.156s] -- Symlinking: /home/vaibhav/ode_ws/install/our_bot/share/our_bot/package.dsv
[1.232s] -- Up-to-date symlink: /home/vaibhav/ode_ws/install/our_bot/share/ament_index/resource_index/packages/our_bot
[1.241s] -- Up-to-date symlink: /home/vaibhav/ode_ws/install/our_bot/share/our_bot/cmake/our_botConfig.cmake
[1.247s] -- Up-to-date symlink: /home/vaibhav/ode_ws/install/our_bot/share/our_bot/cmake/our_botConfig-version.cmake
[1.248s] -- Up-to-date symlink: /home/vaibhav/ode_ws/install/our_bot/share/our_bot/package.xml
[1.258s] Invoked command in '/home/vaibhav/ode_ws/build/our_bot' returned '0': CMAKE_PREFIX_PATH=${CMAKE_PREFIX_PATH}:/opt/ros/jazzy DEBUGINFOD_URLS=https://debuginfod.ubuntu.com /usr/bin/cmake --install /home/vaibhav/ode_ws/build/our_bot
