[0.203s] DEBUG:colcon:Command line arguments: ['/usr/bin/colcon', 'build', '--symlink-install']
[0.203s] DEBUG:colcon:Parsed command line arguments: Namespace(log_base=None, log_level=None, verb_name='build', build_base='build', install_base='install', merge_install=False, symlink_install=True, test_result_base=None, continue_on_error=False, executor='parallel', parallel_workers=6, event_handlers=None, ignore_user_meta=False, metas=['./colcon.meta'], base_paths=['.'], packages_ignore=None, packages_ignore_regex=None, paths=None, packages_up_to=None, packages_up_to_regex=None, packages_above=None, packages_above_and_dependencies=None, packages_above_depth=None, packages_select_by_dep=None, packages_skip_by_dep=None, packages_skip_up_to=None, packages_select_build_failed=False, packages_skip_build_finished=False, packages_select_test_failures=False, packages_skip_test_passed=False, packages_select=None, packages_skip=None, packages_select_regex=None, packages_skip_regex=None, packages_start=None, packages_end=None, allow_overriding=[], cmake_args=None, cmake_target=None, cmake_target_skip_unavailable=False, cmake_clean_cache=False, cmake_clean_first=False, cmake_force_configure=False, ament_cmake_args=None, catkin_cmake_args=None, catkin_skip_building_tests=False, mixin_files=None, mixin=None, verb_parser=<colcon_mixin.mixin.mixin_argument.MixinArgumentDecorator object at 0x7e078e58c7d0>, verb_extension=<colcon_core.verb.build.BuildVerb object at 0x7e078e58c500>, main=<bound method BuildVerb.main of <colcon_core.verb.build.BuildVerb object at 0x7e078e58c500>>, mixin_verb=('build',))
[0.266s] Level 1:colcon.colcon_core.package_discovery:discover_packages(colcon_meta) check parameters
[0.271s] Level 1:colcon.colcon_core.package_discovery:discover_packages(recursive) check parameters
[0.271s] Level 1:colcon.colcon_core.package_discovery:discover_packages(ignore) check parameters
[0.272s] Level 1:colcon.colcon_core.package_discovery:discover_packages(path) check parameters
[0.272s] Level 1:colcon.colcon_core.package_discovery:discover_packages(colcon_meta) discover
[0.272s] Level 1:colcon.colcon_core.package_discovery:discover_packages(recursive) discover
[0.273s] INFO:colcon.colcon_core.package_discovery:Crawling recursively for packages in '/home/vaibhav/ode_ws'
[0.273s] Level 1:colcon.colcon_core.package_identification:_identify(.) by extensions ['ignore', 'ignore_ament_install']
[0.273s] Level 1:colcon.colcon_core.package_identification:_identify(.) by extension 'ignore'
[0.273s] Level 1:colcon.colcon_core.package_identification:_identify(.) by extension 'ignore_ament_install'
[0.273s] Level 1:colcon.colcon_core.package_identification:_identify(.) by extensions ['colcon_pkg']
[0.273s] Level 1:colcon.colcon_core.package_identification:_identify(.) by extension 'colcon_pkg'
[0.273s] Level 1:colcon.colcon_core.package_identification:_identify(.) by extensions ['colcon_meta']
[0.273s] Level 1:colcon.colcon_core.package_identification:_identify(.) by extension 'colcon_meta'
[0.274s] Level 1:colcon.colcon_core.package_identification:_identify(.) by extensions ['ros']
[0.274s] Level 1:colcon.colcon_core.package_identification:_identify(.) by extension 'ros'
[0.337s] Level 1:colcon.colcon_core.package_identification:_identify(.) by extensions ['cmake', 'python']
[0.338s] Level 1:colcon.colcon_core.package_identification:_identify(.) by extension 'cmake'
[0.338s] Level 1:colcon.colcon_core.package_identification:_identify(.) by extension 'python'
[0.338s] Level 1:colcon.colcon_core.package_identification:_identify(.) by extensions ['python_setup_py']
[0.338s] Level 1:colcon.colcon_core.package_identification:_identify(.) by extension 'python_setup_py'
[0.339s] Level 1:colcon.colcon_core.package_identification:_identify(build) by extensions ['ignore', 'ignore_ament_install']
[0.339s] Level 1:colcon.colcon_core.package_identification:_identify(build) by extension 'ignore'
[0.339s] Level 1:colcon.colcon_core.package_identification:_identify(build) ignored
[0.340s] Level 1:colcon.colcon_core.package_identification:_identify(install) by extensions ['ignore', 'ignore_ament_install']
[0.340s] Level 1:colcon.colcon_core.package_identification:_identify(install) by extension 'ignore'
[0.341s] Level 1:colcon.colcon_core.package_identification:_identify(install) ignored
[0.341s] Level 1:colcon.colcon_core.package_identification:_identify(log) by extensions ['ignore', 'ignore_ament_install']
[0.341s] Level 1:colcon.colcon_core.package_identification:_identify(log) by extension 'ignore'
[0.342s] Level 1:colcon.colcon_core.package_identification:_identify(log) ignored
[0.342s] Level 1:colcon.colcon_core.package_identification:_identify(src) by extensions ['ignore', 'ignore_ament_install']
[0.342s] Level 1:colcon.colcon_core.package_identification:_identify(src) by extension 'ignore'
[0.342s] Level 1:colcon.colcon_core.package_identification:_identify(src) by extension 'ignore_ament_install'
[0.343s] Level 1:colcon.colcon_core.package_identification:_identify(src) by extensions ['colcon_pkg']
[0.343s] Level 1:colcon.colcon_core.package_identification:_identify(src) by extension 'colcon_pkg'
[0.343s] Level 1:colcon.colcon_core.package_identification:_identify(src) by extensions ['colcon_meta']
[0.343s] Level 1:colcon.colcon_core.package_identification:_identify(src) by extension 'colcon_meta'
[0.343s] Level 1:colcon.colcon_core.package_identification:_identify(src) by extensions ['ros']
[0.343s] Level 1:colcon.colcon_core.package_identification:_identify(src) by extension 'ros'
[0.343s] Level 1:colcon.colcon_core.package_identification:_identify(src) by extensions ['cmake', 'python']
[0.343s] Level 1:colcon.colcon_core.package_identification:_identify(src) by extension 'cmake'
[0.343s] Level 1:colcon.colcon_core.package_identification:_identify(src) by extension 'python'
[0.343s] Level 1:colcon.colcon_core.package_identification:_identify(src) by extensions ['python_setup_py']
[0.343s] Level 1:colcon.colcon_core.package_identification:_identify(src) by extension 'python_setup_py'
[0.344s] Level 1:colcon.colcon_core.package_identification:_identify(src/our_bot) by extensions ['ignore', 'ignore_ament_install']
[0.344s] Level 1:colcon.colcon_core.package_identification:_identify(src/our_bot) by extension 'ignore'
[0.344s] Level 1:colcon.colcon_core.package_identification:_identify(src/our_bot) by extension 'ignore_ament_install'
[0.345s] Level 1:colcon.colcon_core.package_identification:_identify(src/our_bot) by extensions ['colcon_pkg']
[0.345s] Level 1:colcon.colcon_core.package_identification:_identify(src/our_bot) by extension 'colcon_pkg'
[0.345s] Level 1:colcon.colcon_core.package_identification:_identify(src/our_bot) by extensions ['colcon_meta']
[0.345s] Level 1:colcon.colcon_core.package_identification:_identify(src/our_bot) by extension 'colcon_meta'
[0.345s] Level 1:colcon.colcon_core.package_identification:_identify(src/our_bot) by extensions ['ros']
[0.345s] Level 1:colcon.colcon_core.package_identification:_identify(src/our_bot) by extension 'ros'
[0.349s] DEBUG:colcon.colcon_core.package_identification:Package 'src/our_bot' with type 'ros.ament_cmake' and name 'our_bot'
[0.350s] Level 1:colcon.colcon_core.package_discovery:discover_packages(recursive) using defaults
[0.350s] Level 1:colcon.colcon_core.package_discovery:discover_packages(ignore) discover
[0.350s] Level 1:colcon.colcon_core.package_discovery:discover_packages(ignore) using defaults
[0.350s] Level 1:colcon.colcon_core.package_discovery:discover_packages(path) discover
[0.350s] Level 1:colcon.colcon_core.package_discovery:discover_packages(path) using defaults
[0.375s] Level 1:colcon.colcon_core.package_discovery:discover_packages(prefix_path) check parameters
[0.378s] Level 1:colcon.colcon_core.package_discovery:discover_packages(prefix_path) discover
[0.382s] DEBUG:colcon.colcon_installed_package_information.package_discovery:Found 1 installed packages in /home/vaibhav/ode_ws/install
[0.387s] DEBUG:colcon.colcon_installed_package_information.package_discovery:Found 373 installed packages in /opt/ros/jazzy
[0.390s] Level 1:colcon.colcon_core.package_discovery:discover_packages(prefix_path) using defaults
[0.517s] Level 5:colcon.colcon_core.verb:set package 'our_bot' build argument 'cmake_args' from command line to 'None'
[0.519s] Level 5:colcon.colcon_core.verb:set package 'our_bot' build argument 'cmake_target' from command line to 'None'
[0.519s] Level 5:colcon.colcon_core.verb:set package 'our_bot' build argument 'cmake_target_skip_unavailable' from command line to 'False'
[0.519s] Level 5:colcon.colcon_core.verb:set package 'our_bot' build argument 'cmake_clean_cache' from command line to 'False'
[0.519s] Level 5:colcon.colcon_core.verb:set package 'our_bot' build argument 'cmake_clean_first' from command line to 'False'
[0.519s] Level 5:colcon.colcon_core.verb:set package 'our_bot' build argument 'cmake_force_configure' from command line to 'False'
[0.519s] Level 5:colcon.colcon_core.verb:set package 'our_bot' build argument 'ament_cmake_args' from command line to 'None'
[0.519s] Level 5:colcon.colcon_core.verb:set package 'our_bot' build argument 'catkin_cmake_args' from command line to 'None'
[0.519s] Level 5:colcon.colcon_core.verb:set package 'our_bot' build argument 'catkin_skip_building_tests' from command line to 'False'
[0.519s] DEBUG:colcon.colcon_core.verb:Building package 'our_bot' with the following arguments: {'ament_cmake_args': None, 'build_base': '/home/vaibhav/ode_ws/build/our_bot', 'catkin_cmake_args': None, 'catkin_skip_building_tests': False, 'cmake_args': None, 'cmake_clean_cache': False, 'cmake_clean_first': False, 'cmake_force_configure': False, 'cmake_target': None, 'cmake_target_skip_unavailable': False, 'install_base': '/home/vaibhav/ode_ws/install/our_bot', 'merge_install': False, 'path': '/home/vaibhav/ode_ws/src/our_bot', 'symlink_install': True, 'test_result_base': None}
[0.520s] INFO:colcon.colcon_core.executor:Executing jobs using 'parallel' executor
[0.523s] DEBUG:colcon.colcon_parallel_executor.executor.parallel:run_until_complete
[0.524s] INFO:colcon.colcon_ros.task.ament_cmake.build:Building ROS package in '/home/vaibhav/ode_ws/src/our_bot' with build type 'ament_cmake'
[0.524s] INFO:colcon.colcon_cmake.task.cmake.build:Building CMake package in '/home/vaibhav/ode_ws/src/our_bot'
[0.535s] INFO:colcon.colcon_core.plugin_system:Skipping extension 'colcon_core.shell.bat': Not used on non-Windows systems
[0.537s] INFO:colcon.colcon_core.shell:Skip shell extension 'powershell' for command environment: Not usable outside of PowerShell
[0.537s] DEBUG:colcon.colcon_core.shell:Skip shell extension 'dsv' for command environment
[0.590s] DEBUG:colcon.colcon_core.event_handler.log_command:Invoking command in '/home/vaibhav/ode_ws/build/our_bot': CMAKE_PREFIX_PATH=${CMAKE_PREFIX_PATH}:/opt/ros/jazzy DEBUGINFOD_URLS=https://debuginfod.ubuntu.com /usr/bin/cmake --build /home/vaibhav/ode_ws/build/our_bot -- -j6 -l6
[0.745s] DEBUG:colcon.colcon_core.event_handler.log_command:Invoked command in '/home/vaibhav/ode_ws/build/our_bot' returned '0': CMAKE_PREFIX_PATH=${CMAKE_PREFIX_PATH}:/opt/ros/jazzy DEBUGINFOD_URLS=https://debuginfod.ubuntu.com /usr/bin/cmake --build /home/vaibhav/ode_ws/build/our_bot -- -j6 -l6
[0.794s] DEBUG:colcon.colcon_core.event_handler.log_command:Invoking command in '/home/vaibhav/ode_ws/build/our_bot': CMAKE_PREFIX_PATH=${CMAKE_PREFIX_PATH}:/opt/ros/jazzy DEBUGINFOD_URLS=https://debuginfod.ubuntu.com /usr/bin/cmake --install /home/vaibhav/ode_ws/build/our_bot
[0.919s] Level 1:colcon.colcon_core.environment:create_environment_scripts_only(our_bot)
[0.929s] DEBUG:colcon.colcon_core.event_handler.log_command:Invoked command in '/home/vaibhav/ode_ws/build/our_bot' returned '0': CMAKE_PREFIX_PATH=${CMAKE_PREFIX_PATH}:/opt/ros/jazzy DEBUGINFOD_URLS=https://debuginfod.ubuntu.com /usr/bin/cmake --install /home/vaibhav/ode_ws/build/our_bot
[0.933s] Level 1:colcon.colcon_core.environment:checking '/home/vaibhav/ode_ws/install/our_bot' for CMake module files
[0.936s] Level 1:colcon.colcon_core.environment:checking '/home/vaibhav/ode_ws/install/our_bot' for CMake config files
[0.937s] Level 1:colcon.colcon_core.shell:create_environment_hook('our_bot', 'cmake_prefix_path')
[0.938s] INFO:colcon.colcon_core.shell:Creating environment hook '/home/vaibhav/ode_ws/install/our_bot/share/our_bot/hook/cmake_prefix_path.ps1'
[0.940s] INFO:colcon.colcon_core.shell:Creating environment descriptor '/home/vaibhav/ode_ws/install/our_bot/share/our_bot/hook/cmake_prefix_path.dsv'
[0.945s] INFO:colcon.colcon_core.shell:Creating environment hook '/home/vaibhav/ode_ws/install/our_bot/share/our_bot/hook/cmake_prefix_path.sh'
[0.955s] Level 1:colcon.colcon_core.environment:checking '/home/vaibhav/ode_ws/install/our_bot/bin'
[0.960s] Level 1:colcon.colcon_core.environment:checking '/home/vaibhav/ode_ws/install/our_bot/lib/pkgconfig/our_bot.pc'
[0.961s] Level 1:colcon.colcon_core.environment:checking '/home/vaibhav/ode_ws/install/our_bot/lib/python3.12/site-packages'
[0.962s] Level 1:colcon.colcon_core.environment:checking '/home/vaibhav/ode_ws/install/our_bot/bin'
[0.963s] INFO:colcon.colcon_core.shell:Creating package script '/home/vaibhav/ode_ws/install/our_bot/share/our_bot/package.ps1'
[0.971s] INFO:colcon.colcon_core.shell:Creating package descriptor '/home/vaibhav/ode_ws/install/our_bot/share/our_bot/package.dsv'
[0.974s] INFO:colcon.colcon_core.shell:Creating package script '/home/vaibhav/ode_ws/install/our_bot/share/our_bot/package.sh'
[0.980s] INFO:colcon.colcon_core.shell:Creating package script '/home/vaibhav/ode_ws/install/our_bot/share/our_bot/package.bash'
[0.995s] INFO:colcon.colcon_core.shell:Creating package script '/home/vaibhav/ode_ws/install/our_bot/share/our_bot/package.zsh'
[1.000s] Level 1:colcon.colcon_core.environment:create_file_with_runtime_dependencies(/home/vaibhav/ode_ws/install/our_bot/share/colcon-core/packages/our_bot)
[1.006s] Level 1:colcon.colcon_core.environment:create_environment_scripts_only(our_bot)
[1.006s] Level 1:colcon.colcon_core.environment:checking '/home/vaibhav/ode_ws/install/our_bot' for CMake module files
[1.010s] Level 1:colcon.colcon_core.environment:checking '/home/vaibhav/ode_ws/install/our_bot' for CMake config files
[1.013s] Level 1:colcon.colcon_core.shell:create_environment_hook('our_bot', 'cmake_prefix_path')
[1.015s] INFO:colcon.colcon_core.shell:Creating environment hook '/home/vaibhav/ode_ws/install/our_bot/share/our_bot/hook/cmake_prefix_path.ps1'
[1.017s] INFO:colcon.colcon_core.shell:Creating environment descriptor '/home/vaibhav/ode_ws/install/our_bot/share/our_bot/hook/cmake_prefix_path.dsv'
[1.018s] INFO:colcon.colcon_core.shell:Creating environment hook '/home/vaibhav/ode_ws/install/our_bot/share/our_bot/hook/cmake_prefix_path.sh'
[1.028s] Level 1:colcon.colcon_core.environment:checking '/home/vaibhav/ode_ws/install/our_bot/bin'
[1.028s] Level 1:colcon.colcon_core.environment:checking '/home/vaibhav/ode_ws/install/our_bot/lib/pkgconfig/our_bot.pc'
[1.030s] Level 1:colcon.colcon_core.environment:checking '/home/vaibhav/ode_ws/install/our_bot/lib/python3.12/site-packages'
[1.033s] Level 1:colcon.colcon_core.environment:checking '/home/vaibhav/ode_ws/install/our_bot/bin'
[1.034s] INFO:colcon.colcon_core.shell:Creating package script '/home/vaibhav/ode_ws/install/our_bot/share/our_bot/package.ps1'
[1.041s] INFO:colcon.colcon_core.shell:Creating package descriptor '/home/vaibhav/ode_ws/install/our_bot/share/our_bot/package.dsv'
[1.043s] INFO:colcon.colcon_core.shell:Creating package script '/home/vaibhav/ode_ws/install/our_bot/share/our_bot/package.sh'
[1.045s] INFO:colcon.colcon_core.shell:Creating package script '/home/vaibhav/ode_ws/install/our_bot/share/our_bot/package.bash'
[1.048s] INFO:colcon.colcon_core.shell:Creating package script '/home/vaibhav/ode_ws/install/our_bot/share/our_bot/package.zsh'
[1.054s] Level 1:colcon.colcon_core.environment:create_file_with_runtime_dependencies(/home/vaibhav/ode_ws/install/our_bot/share/colcon-core/packages/our_bot)
[1.055s] DEBUG:colcon.colcon_parallel_executor.executor.parallel:closing loop
[1.056s] DEBUG:colcon.colcon_parallel_executor.executor.parallel:loop closed
[1.056s] DEBUG:colcon.colcon_parallel_executor.executor.parallel:run_until_complete finished with '0'
[1.056s] DEBUG:colcon.colcon_core.event_reactor:joining thread
[1.083s] INFO:colcon.colcon_core.plugin_system:Skipping extension 'colcon_notification.desktop_notification.terminal_notifier': Not used on non-Darwin systems
[1.083s] INFO:colcon.colcon_core.plugin_system:Skipping extension 'colcon_notification.desktop_notification.win32': Not used on non-Windows systems
[1.083s] INFO:colcon.colcon_notification.desktop_notification:Sending desktop notification using 'notify2'
[1.150s] DEBUG:colcon.colcon_core.event_reactor:joined thread
[1.151s] INFO:colcon.colcon_core.shell:Creating prefix script '/home/vaibhav/ode_ws/install/local_setup.ps1'
[1.154s] INFO:colcon.colcon_core.shell:Creating prefix util module '/home/vaibhav/ode_ws/install/_local_setup_util_ps1.py'
[1.158s] INFO:colcon.colcon_core.shell:Creating prefix chain script '/home/vaibhav/ode_ws/install/setup.ps1'
[1.161s] INFO:colcon.colcon_core.shell:Creating prefix script '/home/vaibhav/ode_ws/install/local_setup.sh'
[1.163s] INFO:colcon.colcon_core.shell:Creating prefix util module '/home/vaibhav/ode_ws/install/_local_setup_util_sh.py'
[1.164s] INFO:colcon.colcon_core.shell:Creating prefix chain script '/home/vaibhav/ode_ws/install/setup.sh'
[1.165s] INFO:colcon.colcon_core.shell:Creating prefix script '/home/vaibhav/ode_ws/install/local_setup.bash'
[1.170s] INFO:colcon.colcon_core.shell:Creating prefix chain script '/home/vaibhav/ode_ws/install/setup.bash'
[1.173s] INFO:colcon.colcon_core.shell:Creating prefix script '/home/vaibhav/ode_ws/install/local_setup.zsh'
[1.175s] INFO:colcon.colcon_core.shell:Creating prefix chain script '/home/vaibhav/ode_ws/install/setup.zsh'
