[0.089s] Invoking command in '/home/vaibhav/ode_ws/build/our_bot': CMAKE_PREFIX_PATH=${CMAKE_PREFIX_PATH}:/opt/ros/jazzy DEBUGINFOD_URLS=https://debuginfod.ubuntu.com /usr/bin/cmake --build /home/vaibhav/ode_ws/build/our_bot -- -j6 -l6
[0.649s] Invoked command in '/home/vaibhav/ode_ws/build/our_bot' returned '0': CMAKE_PREFIX_PATH=${CMAKE_PREFIX_PATH}:/opt/ros/jazzy DEBUGINFOD_URLS=https://debuginfod.ubuntu.com /usr/bin/cmake --build /home/vaibhav/ode_ws/build/our_bot -- -j6 -l6
[0.688s] Invoking command in '/home/vaibhav/ode_ws/build/our_bot': CMAKE_PREFIX_PATH=${CMAKE_PREFIX_PATH}:/opt/ros/jazzy DEBUGINFOD_URLS=https://debuginfod.ubuntu.com /usr/bin/cmake --install /home/vaibhav/ode_ws/build/our_bot
[0.723s] -- Install configuration: ""
[0.726s] -- Execute custom install script
[0.737s] -- Up-to-date symlink: /home/vaibhav/ode_ws/install/our_bot/share/our_bot/config/empty.yaml
[0.739s] -- Up-to-date symlink: /home/vaibhav/ode_ws/install/our_bot/share/our_bot/config/view_bot.rviz
[0.748s] -- Up-to-date symlink: /home/vaibhav/ode_ws/install/our_bot/share/our_bot/description/gazebo_control.xacro
[0.749s] -- Up-to-date symlink: /home/vaibhav/ode_ws/install/our_bot/share/our_bot/description/inertial_macros.xacro
[0.749s] -- Up-to-date symlink: /home/vaibhav/ode_ws/install/our_bot/share/our_bot/description/lidar.xacro
[0.751s] -- Up-to-date symlink: /home/vaibhav/ode_ws/install/our_bot/share/our_bot/description/robot.urdf.xacro
[0.752s] -- Up-to-date symlink: /home/vaibhav/ode_ws/install/our_bot/share/our_bot/description/robot_core.xacro
[0.758s] -- Up-to-date symlink: /home/vaibhav/ode_ws/install/our_bot/share/our_bot/launch/launch_sim.launch.py
[0.759s] -- Up-to-date symlink: /home/vaibhav/ode_ws/install/our_bot/share/our_bot/launch/rsp.launch.py
[0.762s] -- Up-to-date symlink: /home/vaibhav/ode_ws/install/our_bot/share/our_bot/worlds/empty.world
[0.768s] -- Up-to-date symlink: /home/vaibhav/ode_ws/install/our_bot/share/ament_index/resource_index/package_run_dependencies/our_bot
[0.771s] -- Up-to-date symlink: /home/vaibhav/ode_ws/install/our_bot/share/ament_index/resource_index/parent_prefix_path/our_bot
[0.775s] -- Up-to-date symlink: /home/vaibhav/ode_ws/install/our_bot/share/our_bot/environment/ament_prefix_path.sh
[0.777s] -- Up-to-date symlink: /home/vaibhav/ode_ws/install/our_bot/share/our_bot/environment/ament_prefix_path.dsv
[0.779s] -- Up-to-date symlink: /home/vaibhav/ode_ws/install/our_bot/share/our_bot/environment/path.sh
[0.781s] -- Up-to-date symlink: /home/vaibhav/ode_ws/install/our_bot/share/our_bot/environment/path.dsv
[0.785s] -- Up-to-date symlink: /home/vaibhav/ode_ws/install/our_bot/share/our_bot/local_setup.bash
[0.786s] -- Up-to-date symlink: /home/vaibhav/ode_ws/install/our_bot/share/our_bot/local_setup.sh
[0.788s] -- Up-to-date symlink: /home/vaibhav/ode_ws/install/our_bot/share/our_bot/local_setup.zsh
[0.789s] -- Up-to-date symlink: /home/vaibhav/ode_ws/install/our_bot/share/our_bot/local_setup.dsv
[0.790s] -- Symlinking: /home/vaibhav/ode_ws/install/our_bot/share/our_bot/package.dsv
[0.848s] -- Up-to-date symlink: /home/vaibhav/ode_ws/install/our_bot/share/ament_index/resource_index/packages/our_bot
[0.852s] -- Up-to-date symlink: /home/vaibhav/ode_ws/install/our_bot/share/our_bot/cmake/our_botConfig.cmake
[0.854s] -- Up-to-date symlink: /home/vaibhav/ode_ws/install/our_bot/share/our_bot/cmake/our_botConfig-version.cmake
[0.854s] -- Up-to-date symlink: /home/vaibhav/ode_ws/install/our_bot/share/our_bot/package.xml
[0.861s] Invoked command in '/home/vaibhav/ode_ws/build/our_bot' returned '0': CMAKE_PREFIX_PATH=${CMAKE_PREFIX_PATH}:/opt/ros/jazzy DEBUGINFOD_URLS=https://debuginfod.ubuntu.com /usr/bin/cmake --install /home/vaibhav/ode_ws/build/our_bot
