-- Found ament_cmake: 2.5.6 (/opt/ros/jazzy/share/ament_cmake/cmake)
-- Override CMake install command with custom implementation using symlinks instead of copying resources
-- Found ament_lint_auto: 0.17.5 (/opt/ros/jazzy/share/ament_lint_auto/cmake)
-- Added test 'copyright' to check source files copyright and LICENSE
-- Added test 'flake8' to check Python code syntax and style conventions
-- Configured 'flake8' exclude dirs and/or files: 
-- Added test 'lint_cmake' to check CMake code style
-- Added test 'pep257' to check Python code against some of the docstring style conventions in PEP 257
-- Added test 'xmllint' to check XML markup files
-- Configuring done (1.1s)
-- Generating done (0.0s)
-- Build files have been written to: /home/vaibhav/ode_ws/build/our_bot
-- Install configuration: ""
-- Execute custom install script
-- Symlinking: /home/vaibhav/ode_ws/install/our_bot/share/our_bot/config/empty.yaml
-- Symlinking: /home/vaibhav/ode_ws/install/our_bot/share/our_bot/description/robot.urdf.xacro
-- Symlinking: /home/vaibhav/ode_ws/install/our_bot/share/our_bot/description/robot_core.xacro
-- Symlinking: /home/vaibhav/ode_ws/install/our_bot/share/our_bot/launch/rsp.launch.py
-- Symlinking: /home/vaibhav/ode_ws/install/our_bot/share/our_bot/worlds/empty.world
-- Symlinking: /home/vaibhav/ode_ws/install/our_bot/share/ament_index/resource_index/package_run_dependencies/our_bot
-- Symlinking: /home/vaibhav/ode_ws/install/our_bot/share/ament_index/resource_index/parent_prefix_path/our_bot
-- Symlinking: /home/vaibhav/ode_ws/install/our_bot/share/our_bot/environment/ament_prefix_path.sh
-- Symlinking: /home/vaibhav/ode_ws/install/our_bot/share/our_bot/environment/ament_prefix_path.dsv
-- Symlinking: /home/vaibhav/ode_ws/install/our_bot/share/our_bot/environment/path.sh
-- Symlinking: /home/vaibhav/ode_ws/install/our_bot/share/our_bot/environment/path.dsv
-- Symlinking: /home/vaibhav/ode_ws/install/our_bot/share/our_bot/local_setup.bash
-- Symlinking: /home/vaibhav/ode_ws/install/our_bot/share/our_bot/local_setup.sh
-- Symlinking: /home/vaibhav/ode_ws/install/our_bot/share/our_bot/local_setup.zsh
-- Symlinking: /home/vaibhav/ode_ws/install/our_bot/share/our_bot/local_setup.dsv
-- Symlinking: /home/vaibhav/ode_ws/install/our_bot/share/our_bot/package.dsv
-- Symlinking: /home/vaibhav/ode_ws/install/our_bot/share/ament_index/resource_index/packages/our_bot
-- Symlinking: /home/vaibhav/ode_ws/install/our_bot/share/our_bot/cmake/our_botConfig.cmake
-- Symlinking: /home/vaibhav/ode_ws/install/our_bot/share/our_bot/cmake/our_botConfig-version.cmake
-- Symlinking: /home/vaibhav/ode_ws/install/our_bot/share/our_bot/package.xml
