[1.263s] DEBUG:colcon:Command line arguments: ['/usr/bin/colcon', 'build', '--symlink-install']
[1.263s] DEBUG:colcon:Parsed command line arguments: Namespace(log_base=None, log_level=None, verb_name='build', build_base='build', install_base='install', merge_install=False, symlink_install=True, test_result_base=None, continue_on_error=False, executor='parallel', parallel_workers=6, event_handlers=None, ignore_user_meta=False, metas=['./colcon.meta'], base_paths=['.'], packages_ignore=None, packages_ignore_regex=None, paths=None, packages_up_to=None, packages_up_to_regex=None, packages_above=None, packages_above_and_dependencies=None, packages_above_depth=None, packages_select_by_dep=None, packages_skip_by_dep=None, packages_skip_up_to=None, packages_select_build_failed=False, packages_skip_build_finished=False, packages_select_test_failures=False, packages_skip_test_passed=False, packages_select=None, packages_skip=None, packages_select_regex=None, packages_skip_regex=None, packages_start=None, packages_end=None, allow_overriding=[], cmake_args=None, cmake_target=None, cmake_target_skip_unavailable=False, cmake_clean_cache=False, cmake_clean_first=False, cmake_force_configure=False, ament_cmake_args=None, catkin_cmake_args=None, catkin_skip_building_tests=False, mixin_files=None, mixin=None, verb_parser=<colcon_mixin.mixin.mixin_argument.MixinArgumentDecorator object at 0x706e5f2a8770>, verb_extension=<colcon_core.verb.build.BuildVerb object at 0x706e5f2a8500>, main=<bound method BuildVerb.main of <colcon_core.verb.build.BuildVerb object at 0x706e5f2a8500>>, mixin_verb=('build',))
[1.465s] Level 1:colcon.colcon_core.package_discovery:discover_packages(colcon_meta) check parameters
[1.465s] Level 1:colcon.colcon_core.package_discovery:discover_packages(recursive) check parameters
[1.465s] Level 1:colcon.colcon_core.package_discovery:discover_packages(ignore) check parameters
[1.465s] Level 1:colcon.colcon_core.package_discovery:discover_packages(path) check parameters
[1.465s] Level 1:colcon.colcon_core.package_discovery:discover_packages(colcon_meta) discover
[1.465s] Level 1:colcon.colcon_core.package_discovery:discover_packages(recursive) discover
[1.465s] INFO:colcon.colcon_core.package_discovery:Crawling recursively for packages in '/home/vaibhav/ode_ws'
[1.466s] Level 1:colcon.colcon_core.package_identification:_identify(.) by extensions ['ignore', 'ignore_ament_install']
[1.466s] Level 1:colcon.colcon_core.package_identification:_identify(.) by extension 'ignore'
[1.466s] Level 1:colcon.colcon_core.package_identification:_identify(.) by extension 'ignore_ament_install'
[1.466s] Level 1:colcon.colcon_core.package_identification:_identify(.) by extensions ['colcon_pkg']
[1.466s] Level 1:colcon.colcon_core.package_identification:_identify(.) by extension 'colcon_pkg'
[1.466s] Level 1:colcon.colcon_core.package_identification:_identify(.) by extensions ['colcon_meta']
[1.466s] Level 1:colcon.colcon_core.package_identification:_identify(.) by extension 'colcon_meta'
[1.466s] Level 1:colcon.colcon_core.package_identification:_identify(.) by extensions ['ros']
[1.466s] Level 1:colcon.colcon_core.package_identification:_identify(.) by extension 'ros'
[1.529s] Level 1:colcon.colcon_core.package_identification:_identify(.) by extensions ['cmake', 'python']
[1.529s] Level 1:colcon.colcon_core.package_identification:_identify(.) by extension 'cmake'
[1.529s] Level 1:colcon.colcon_core.package_identification:_identify(.) by extension 'python'
[1.529s] Level 1:colcon.colcon_core.package_identification:_identify(.) by extensions ['python_setup_py']
[1.529s] Level 1:colcon.colcon_core.package_identification:_identify(.) by extension 'python_setup_py'
[1.529s] Level 1:colcon.colcon_core.package_identification:_identify(build) by extensions ['ignore', 'ignore_ament_install']
[1.530s] Level 1:colcon.colcon_core.package_identification:_identify(build) by extension 'ignore'
[1.530s] Level 1:colcon.colcon_core.package_identification:_identify(build) ignored
[1.530s] Level 1:colcon.colcon_core.package_identification:_identify(install) by extensions ['ignore', 'ignore_ament_install']
[1.530s] Level 1:colcon.colcon_core.package_identification:_identify(install) by extension 'ignore'
[1.530s] Level 1:colcon.colcon_core.package_identification:_identify(install) ignored
[1.530s] Level 1:colcon.colcon_core.package_identification:_identify(log) by extensions ['ignore', 'ignore_ament_install']
[1.530s] Level 1:colcon.colcon_core.package_identification:_identify(log) by extension 'ignore'
[1.530s] Level 1:colcon.colcon_core.package_identification:_identify(log) ignored
[1.532s] Level 1:colcon.colcon_core.package_identification:_identify(src) by extensions ['ignore', 'ignore_ament_install']
[1.532s] Level 1:colcon.colcon_core.package_identification:_identify(src) by extension 'ignore'
[1.532s] Level 1:colcon.colcon_core.package_identification:_identify(src) by extension 'ignore_ament_install'
[1.532s] Level 1:colcon.colcon_core.package_identification:_identify(src) by extensions ['colcon_pkg']
[1.532s] Level 1:colcon.colcon_core.package_identification:_identify(src) by extension 'colcon_pkg'
[1.532s] Level 1:colcon.colcon_core.package_identification:_identify(src) by extensions ['colcon_meta']
[1.532s] Level 1:colcon.colcon_core.package_identification:_identify(src) by extension 'colcon_meta'
[1.532s] Level 1:colcon.colcon_core.package_identification:_identify(src) by extensions ['ros']
[1.532s] Level 1:colcon.colcon_core.package_identification:_identify(src) by extension 'ros'
[1.533s] Level 1:colcon.colcon_core.package_identification:_identify(src) by extensions ['cmake', 'python']
[1.533s] Level 1:colcon.colcon_core.package_identification:_identify(src) by extension 'cmake'
[1.533s] Level 1:colcon.colcon_core.package_identification:_identify(src) by extension 'python'
[1.533s] Level 1:colcon.colcon_core.package_identification:_identify(src) by extensions ['python_setup_py']
[1.533s] Level 1:colcon.colcon_core.package_identification:_identify(src) by extension 'python_setup_py'
[1.534s] Level 1:colcon.colcon_core.package_identification:_identify(src/our_bot) by extensions ['ignore', 'ignore_ament_install']
[1.534s] Level 1:colcon.colcon_core.package_identification:_identify(src/our_bot) by extension 'ignore'
[1.534s] Level 1:colcon.colcon_core.package_identification:_identify(src/our_bot) by extension 'ignore_ament_install'
[1.534s] Level 1:colcon.colcon_core.package_identification:_identify(src/our_bot) by extensions ['colcon_pkg']
[1.534s] Level 1:colcon.colcon_core.package_identification:_identify(src/our_bot) by extension 'colcon_pkg'
[1.534s] Level 1:colcon.colcon_core.package_identification:_identify(src/our_bot) by extensions ['colcon_meta']
[1.534s] Level 1:colcon.colcon_core.package_identification:_identify(src/our_bot) by extension 'colcon_meta'
[1.534s] Level 1:colcon.colcon_core.package_identification:_identify(src/our_bot) by extensions ['ros']
[1.534s] Level 1:colcon.colcon_core.package_identification:_identify(src/our_bot) by extension 'ros'
[1.542s] DEBUG:colcon.colcon_core.package_identification:Package 'src/our_bot' with type 'ros.ament_cmake' and name 'our_bot'
[1.542s] Level 1:colcon.colcon_core.package_discovery:discover_packages(recursive) using defaults
[1.542s] Level 1:colcon.colcon_core.package_discovery:discover_packages(ignore) discover
[1.542s] Level 1:colcon.colcon_core.package_discovery:discover_packages(ignore) using defaults
[1.542s] Level 1:colcon.colcon_core.package_discovery:discover_packages(path) discover
[1.542s] Level 1:colcon.colcon_core.package_discovery:discover_packages(path) using defaults
[1.600s] Level 1:colcon.colcon_core.package_discovery:discover_packages(prefix_path) check parameters
[1.600s] Level 1:colcon.colcon_core.package_discovery:discover_packages(prefix_path) discover
[1.612s] DEBUG:colcon.colcon_installed_package_information.package_discovery:Found 373 installed packages in /opt/ros/jazzy
[1.614s] Level 1:colcon.colcon_core.package_discovery:discover_packages(prefix_path) using defaults
[1.707s] Level 5:colcon.colcon_core.verb:set package 'our_bot' build argument 'cmake_args' from command line to 'None'
[1.707s] Level 5:colcon.colcon_core.verb:set package 'our_bot' build argument 'cmake_target' from command line to 'None'
[1.707s] Level 5:colcon.colcon_core.verb:set package 'our_bot' build argument 'cmake_target_skip_unavailable' from command line to 'False'
[1.707s] Level 5:colcon.colcon_core.verb:set package 'our_bot' build argument 'cmake_clean_cache' from command line to 'False'
[1.707s] Level 5:colcon.colcon_core.verb:set package 'our_bot' build argument 'cmake_clean_first' from command line to 'False'
[1.707s] Level 5:colcon.colcon_core.verb:set package 'our_bot' build argument 'cmake_force_configure' from command line to 'False'
[1.707s] Level 5:colcon.colcon_core.verb:set package 'our_bot' build argument 'ament_cmake_args' from command line to 'None'
[1.707s] Level 5:colcon.colcon_core.verb:set package 'our_bot' build argument 'catkin_cmake_args' from command line to 'None'
[1.707s] Level 5:colcon.colcon_core.verb:set package 'our_bot' build argument 'catkin_skip_building_tests' from command line to 'False'
[1.707s] DEBUG:colcon.colcon_core.verb:Building package 'our_bot' with the following arguments: {'ament_cmake_args': None, 'build_base': '/home/vaibhav/ode_ws/build/our_bot', 'catkin_cmake_args': None, 'catkin_skip_building_tests': False, 'cmake_args': None, 'cmake_clean_cache': False, 'cmake_clean_first': False, 'cmake_force_configure': False, 'cmake_target': None, 'cmake_target_skip_unavailable': False, 'install_base': '/home/vaibhav/ode_ws/install/our_bot', 'merge_install': False, 'path': '/home/vaibhav/ode_ws/src/our_bot', 'symlink_install': True, 'test_result_base': None}
[1.707s] INFO:colcon.colcon_core.executor:Executing jobs using 'parallel' executor
[1.711s] DEBUG:colcon.colcon_parallel_executor.executor.parallel:run_until_complete
[1.715s] INFO:colcon.colcon_ros.task.ament_cmake.build:Building ROS package in '/home/vaibhav/ode_ws/src/our_bot' with build type 'ament_cmake'
[1.715s] INFO:colcon.colcon_cmake.task.cmake.build:Building CMake package in '/home/vaibhav/ode_ws/src/our_bot'
[1.747s] INFO:colcon.colcon_core.plugin_system:Skipping extension 'colcon_core.shell.bat': Not used on non-Windows systems
[1.748s] INFO:colcon.colcon_core.shell:Skip shell extension 'powershell' for command environment: Not usable outside of PowerShell
[1.748s] DEBUG:colcon.colcon_core.shell:Skip shell extension 'dsv' for command environment
[1.778s] DEBUG:colcon.colcon_core.event_handler.log_command:Invoking command in '/home/vaibhav/ode_ws/build/our_bot': CMAKE_PREFIX_PATH=${CMAKE_PREFIX_PATH}:/opt/ros/jazzy DEBUGINFOD_URLS=https://debuginfod.ubuntu.com /usr/bin/cmake --build /home/vaibhav/ode_ws/build/our_bot -- -j6 -l6
[2.079s] DEBUG:colcon.colcon_core.event_handler.log_command:Invoked command in '/home/vaibhav/ode_ws/build/our_bot' returned '0': CMAKE_PREFIX_PATH=${CMAKE_PREFIX_PATH}:/opt/ros/jazzy DEBUGINFOD_URLS=https://debuginfod.ubuntu.com /usr/bin/cmake --build /home/vaibhav/ode_ws/build/our_bot -- -j6 -l6
[2.116s] DEBUG:colcon.colcon_core.event_handler.log_command:Invoking command in '/home/vaibhav/ode_ws/build/our_bot': CMAKE_PREFIX_PATH=${CMAKE_PREFIX_PATH}:/opt/ros/jazzy DEBUGINFOD_URLS=https://debuginfod.ubuntu.com /usr/bin/cmake --install /home/vaibhav/ode_ws/build/our_bot
[2.251s] Level 1:colcon.colcon_core.environment:create_environment_scripts_only(our_bot)
[2.253s] DEBUG:colcon.colcon_core.event_handler.log_command:Invoked command in '/home/vaibhav/ode_ws/build/our_bot' returned '0': CMAKE_PREFIX_PATH=${CMAKE_PREFIX_PATH}:/opt/ros/jazzy DEBUGINFOD_URLS=https://debuginfod.ubuntu.com /usr/bin/cmake --install /home/vaibhav/ode_ws/build/our_bot
[2.283s] Level 1:colcon.colcon_core.environment:checking '/home/vaibhav/ode_ws/install/our_bot' for CMake module files
[2.284s] Level 1:colcon.colcon_core.environment:checking '/home/vaibhav/ode_ws/install/our_bot' for CMake config files
[2.284s] Level 1:colcon.colcon_core.shell:create_environment_hook('our_bot', 'cmake_prefix_path')
[2.284s] INFO:colcon.colcon_core.shell:Creating environment hook '/home/vaibhav/ode_ws/install/our_bot/share/our_bot/hook/cmake_prefix_path.ps1'
[2.289s] INFO:colcon.colcon_core.shell:Creating environment descriptor '/home/vaibhav/ode_ws/install/our_bot/share/our_bot/hook/cmake_prefix_path.dsv'
[2.291s] INFO:colcon.colcon_core.shell:Creating environment hook '/home/vaibhav/ode_ws/install/our_bot/share/our_bot/hook/cmake_prefix_path.sh'
[2.294s] Level 1:colcon.colcon_core.environment:checking '/home/vaibhav/ode_ws/install/our_bot/bin'
[2.294s] Level 1:colcon.colcon_core.environment:checking '/home/vaibhav/ode_ws/install/our_bot/lib/pkgconfig/our_bot.pc'
[2.294s] Level 1:colcon.colcon_core.environment:checking '/home/vaibhav/ode_ws/install/our_bot/lib/python3.12/site-packages'
[2.294s] Level 1:colcon.colcon_core.environment:checking '/home/vaibhav/ode_ws/install/our_bot/bin'
[2.295s] INFO:colcon.colcon_core.shell:Creating package script '/home/vaibhav/ode_ws/install/our_bot/share/our_bot/package.ps1'
[2.297s] INFO:colcon.colcon_core.shell:Creating package descriptor '/home/vaibhav/ode_ws/install/our_bot/share/our_bot/package.dsv'
[2.299s] INFO:colcon.colcon_core.shell:Creating package script '/home/vaibhav/ode_ws/install/our_bot/share/our_bot/package.sh'
[2.301s] INFO:colcon.colcon_core.shell:Creating package script '/home/vaibhav/ode_ws/install/our_bot/share/our_bot/package.bash'
[2.305s] INFO:colcon.colcon_core.shell:Creating package script '/home/vaibhav/ode_ws/install/our_bot/share/our_bot/package.zsh'
[2.308s] Level 1:colcon.colcon_core.environment:create_file_with_runtime_dependencies(/home/vaibhav/ode_ws/install/our_bot/share/colcon-core/packages/our_bot)
[2.311s] Level 1:colcon.colcon_core.environment:create_environment_scripts_only(our_bot)
[2.311s] Level 1:colcon.colcon_core.environment:checking '/home/vaibhav/ode_ws/install/our_bot' for CMake module files
[2.312s] Level 1:colcon.colcon_core.environment:checking '/home/vaibhav/ode_ws/install/our_bot' for CMake config files
[2.312s] Level 1:colcon.colcon_core.shell:create_environment_hook('our_bot', 'cmake_prefix_path')
[2.313s] INFO:colcon.colcon_core.shell:Creating environment hook '/home/vaibhav/ode_ws/install/our_bot/share/our_bot/hook/cmake_prefix_path.ps1'
[2.313s] INFO:colcon.colcon_core.shell:Creating environment descriptor '/home/vaibhav/ode_ws/install/our_bot/share/our_bot/hook/cmake_prefix_path.dsv'
[2.316s] INFO:colcon.colcon_core.shell:Creating environment hook '/home/vaibhav/ode_ws/install/our_bot/share/our_bot/hook/cmake_prefix_path.sh'
[2.317s] Level 1:colcon.colcon_core.environment:checking '/home/vaibhav/ode_ws/install/our_bot/bin'
[2.318s] Level 1:colcon.colcon_core.environment:checking '/home/vaibhav/ode_ws/install/our_bot/lib/pkgconfig/our_bot.pc'
[2.318s] Level 1:colcon.colcon_core.environment:checking '/home/vaibhav/ode_ws/install/our_bot/lib/python3.12/site-packages'
[2.319s] Level 1:colcon.colcon_core.environment:checking '/home/vaibhav/ode_ws/install/our_bot/bin'
[2.319s] INFO:colcon.colcon_core.shell:Creating package script '/home/vaibhav/ode_ws/install/our_bot/share/our_bot/package.ps1'
[2.321s] INFO:colcon.colcon_core.shell:Creating package descriptor '/home/vaibhav/ode_ws/install/our_bot/share/our_bot/package.dsv'
[2.322s] INFO:colcon.colcon_core.shell:Creating package script '/home/vaibhav/ode_ws/install/our_bot/share/our_bot/package.sh'
[2.323s] INFO:colcon.colcon_core.shell:Creating package script '/home/vaibhav/ode_ws/install/our_bot/share/our_bot/package.bash'
[2.324s] INFO:colcon.colcon_core.shell:Creating package script '/home/vaibhav/ode_ws/install/our_bot/share/our_bot/package.zsh'
[2.326s] Level 1:colcon.colcon_core.environment:create_file_with_runtime_dependencies(/home/vaibhav/ode_ws/install/our_bot/share/colcon-core/packages/our_bot)
[2.326s] DEBUG:colcon.colcon_parallel_executor.executor.parallel:closing loop
[2.329s] DEBUG:colcon.colcon_parallel_executor.executor.parallel:loop closed
[2.331s] DEBUG:colcon.colcon_parallel_executor.executor.parallel:run_until_complete finished with '0'
[2.331s] DEBUG:colcon.colcon_core.event_reactor:joining thread
[2.367s] INFO:colcon.colcon_core.plugin_system:Skipping extension 'colcon_notification.desktop_notification.terminal_notifier': Not used on non-Darwin systems
[2.367s] INFO:colcon.colcon_core.plugin_system:Skipping extension 'colcon_notification.desktop_notification.win32': Not used on non-Windows systems
[2.368s] INFO:colcon.colcon_notification.desktop_notification:Sending desktop notification using 'notify2'
[2.432s] DEBUG:colcon.colcon_core.event_reactor:joined thread
[2.433s] INFO:colcon.colcon_core.shell:Creating prefix script '/home/vaibhav/ode_ws/install/local_setup.ps1'
[2.437s] INFO:colcon.colcon_core.shell:Creating prefix util module '/home/vaibhav/ode_ws/install/_local_setup_util_ps1.py'
[2.444s] INFO:colcon.colcon_core.shell:Creating prefix chain script '/home/vaibhav/ode_ws/install/setup.ps1'
[2.450s] INFO:colcon.colcon_core.shell:Creating prefix script '/home/vaibhav/ode_ws/install/local_setup.sh'
[2.454s] INFO:colcon.colcon_core.shell:Creating prefix util module '/home/vaibhav/ode_ws/install/_local_setup_util_sh.py'
[2.455s] INFO:colcon.colcon_core.shell:Creating prefix chain script '/home/vaibhav/ode_ws/install/setup.sh'
[2.459s] INFO:colcon.colcon_core.shell:Creating prefix script '/home/vaibhav/ode_ws/install/local_setup.bash'
[2.464s] INFO:colcon.colcon_core.shell:Creating prefix chain script '/home/vaibhav/ode_ws/install/setup.bash'
[2.471s] INFO:colcon.colcon_core.shell:Creating prefix script '/home/vaibhav/ode_ws/install/local_setup.zsh'
[2.475s] INFO:colcon.colcon_core.shell:Creating prefix chain script '/home/vaibhav/ode_ws/install/setup.zsh'
